<?xml version="1.0" encoding="UTF-8"?>
<!-- Generated by org.testng.reporters.JUnitReportReporter -->
<testsuite skipped="0" hostname="DESKTOP-E4S6IGS" name="Selenium1.Testparameterization" tests="3" failures="0" timestamp="2022-12-18T15:14:44 EST" time="46.458" errors="0">
  <testcase name="display" time="5.490" classname="Selenium1.Testparameterization"/>
  <system-out/>
  <testcase name="display" time="19.948" classname="Selenium1.Testparameterization"/>
  <system-out/>
  <testcase name="display" time="21.020" classname="Selenium1.Testparameterization"/>
  <system-out/>
</testsuite> <!-- Selenium1.Testparameterization -->
