<?xml version="1.0" encoding="UTF-8"?>
<!-- Generated by org.testng.reporters.JUnitReportReporter -->
<testsuite skipped="0" hostname="DESKTOP-E4S6IGS" name="Selenium1.Testnew" tests="3" failures="0" timestamp="2022-12-19T14:00:01 EST" time="0.016" errors="0">
  <testcase name="Writetestcases" time="0.000" classname="Selenium1.Testnew"/>
  <system-out/>
  <testcase name="Executetestcase" time="0.000" classname="Selenium1.Testnew"/>
  <system-out/>
  <testcase name="Defect" time="0.016" classname="Selenium1.Testnew"/>
  <system-out/>
</testsuite> <!-- Selenium1.Testnew -->
