<?xml version="1.0" encoding="UTF-8"?>
<!-- Generated by org.testng.reporters.JUnitReportReporter -->
<testsuite skipped="0" hostname="DESKTOP-E4S6IGS" name="Selenium1.TestSelenium" tests="2" failures="0" timestamp="2022-12-19T14:00:01 EST" time="6.058" errors="0">
  <testcase name="gettitle" time="2.202" classname="Selenium1.TestSelenium"/>
  <system-out/>
  <testcase name="display" time="3.856" classname="Selenium1.TestSelenium"/>
  <system-out/>
</testsuite> <!-- Selenium1.TestSelenium -->
